<?xml version="1.0" encoding="UTF-8"?>
<!-- Generated by org.testng.reporters.JUnitReportReporter -->
<testsuite hostname="Sathvik" name="testNG.TestNgExercisesuptoPriority" tests="5" failures="0" timestamp="22 Apr 2022 15:43:51 GMT" time="0.046" errors="0">
  <testcase name="firstGear" time="0.004" classname="testNG.TestNgExercisesuptoPriority"/>
  <testcase name="secondGear" time="0.003" classname="testNG.TestNgExercisesuptoPriority"/>
  <testcase name="starttheCar" time="0.015" classname="testNG.TestNgExercisesuptoPriority"/>
  <testcase name="firstTestCase" time="0.020" classname="testNG.TestNgExercisesuptoPriority"/>
  <testcase name="engineOff" time="0.004" classname="testNG.TestNgExercisesuptoPriority"/>
</testsuite> <!-- testNG.TestNgExercisesuptoPriority -->
