<?xml version="1.0" encoding="UTF-8"?>
<!-- Generated by org.testng.reporters.JUnitReportReporter -->
<testsuite hostname="Sathvik" name="testNG.TestNgExercisesAssertions" tests="1" failures="0" timestamp="22 Apr 2022 16:21:26 GMT" time="0.046" errors="0">
  <testcase name="checkEqual" time="0.046" classname="testNG.TestNgExercisesAssertions"/>
</testsuite> <!-- testNG.TestNgExercisesAssertions -->
