<?xml version="1.0" encoding="UTF-8"?>
<!-- Generated by org.testng.reporters.JUnitReportReporter -->
<testsuite hostname="Sathvik" name="testNG.TestNgExercisesLsteningClass" tests="3" failures="0" timestamp="22 Apr 2022 16:52:27 GMT" time="0.031" errors="0">
  <testcase name="failingTest" time="0.031" classname="testNG.TestNgExercisesLsteningClass"/>
  <testcase name="dependedfailingTest" time="0.000" classname="testNG.TestNgExercisesLsteningClass"/>
  <testcase name="sangar" time="0.000" classname="testNG.TestNgExercisesLsteningClass"/>
</testsuite> <!-- testNG.TestNgExercisesLsteningClass -->
