<?xml version="1.0" encoding="UTF-8"?>
<!-- Generated by org.testng.reporters.JUnitReportReporter -->
<testsuite hostname="Sathvik" name="testNG.BeforeSuiteEx" tests="2" failures="0" timestamp="22 Apr 2022 15:43:51 GMT" time="6.611" errors="0">
  <testcase name="openYoutube" time="1.430" classname="testNG.BeforeSuiteEx"/>
  <testcase name="openFacebook" time="5.181" classname="testNG.BeforeSuiteEx"/>
</testsuite> <!-- testNG.BeforeSuiteEx -->
