<?xml version="1.0" encoding="UTF-8"?>
<!-- Generated by org.testng.reporters.JUnitReportReporter -->
<testsuite hostname="Sathvik" name="testNG.AnnotationsOrder" tests="2" failures="0" timestamp="22 Apr 2022 16:26:16 GMT" time="0.032" errors="0">
  <testcase name="testmethod1" time="0.016" classname="testNG.AnnotationsOrder"/>
  <testcase name="f" time="0.016" classname="testNG.AnnotationsOrder"/>
</testsuite> <!-- testNG.AnnotationsOrder -->
