<?xml version="1.0" encoding="UTF-8"?>
<!-- Generated by org.testng.reporters.JUnitReportReporter -->
<testsuite hostname="Sathvik" name="testNG.TestNgExercisesParellalTest" tests="2" failures="0" timestamp="22 Apr 2022 16:17:17 GMT" time="38.609" errors="0">
  <testcase name="openFacebook" time="29.340" classname="testNG.TestNgExercisesParellalTest"/>
  <testcase name="openGoogle" time="9.269" classname="testNG.TestNgExercisesParellalTest"/>
</testsuite> <!-- testNG.TestNgExercisesParellalTest -->
