<?xml version="1.0" encoding="UTF-8"?>
<!-- Generated by org.testng.reporters.JUnitReportReporter -->
<testsuite hostname="Sathvik" name="testNG.TestNgExercisesGrouping" tests="5" failures="0" timestamp="22 Apr 2022 15:37:58 GMT" time="0.063" errors="0">
  <testcase name="secondTestCase" time="0.000" classname="testNG.TestNgExercisesGrouping"/>
  <testcase name="engineOff" time="0.047" classname="testNG.TestNgExercisesGrouping"/>
  <testcase name="firstTestCase" time="0.016" classname="testNG.TestNgExercisesGrouping"/>
  <testcase name="starttheCar" time="0.000" classname="testNG.TestNgExercisesGrouping"/>
  <testcase name="firstGear" time="0.000" classname="testNG.TestNgExercisesGrouping"/>
</testsuite> <!-- testNG.TestNgExercisesGrouping -->
